[2023-10-24T21:03:14.075-0700] {manager.py:487} INFO - Processing files using up to 1 processes at a time 
[2023-10-24T21:03:14.075-0700] {manager.py:488} INFO - Process each file at most once every 30 seconds
[2023-10-24T21:03:14.076-0700] {manager.py:489} INFO - Checking for new files in /Users/gandharkulkarni/Desktop/pooja_patel/codes/data_pipeline_with_airflow/airflow/dags every 300 seconds
[2023-10-24T21:03:14.076-0700] {manager.py:755} INFO - Searching for files in /Users/gandharkulkarni/Desktop/pooja_patel/codes/data_pipeline_with_airflow/airflow/dags
[2023-10-24T21:03:14.128-0700] {manager.py:758} INFO - There are 46 files in /Users/gandharkulkarni/Desktop/pooja_patel/codes/data_pipeline_with_airflow/airflow/dags
[2023-10-24T21:03:44.018-0700] {manager.py:887} INFO - 
================================================================================
DAG File Processing Stats

File Path                                                                                                                                                                                     PID    Runtime      # DAGs    # Errors  Last Runtime    Last Run
--------------------------------------------------------------------------------------------------------------------------------------------------------------------------------------------  -----  ---------  --------  ----------  --------------  -------------------
/Users/gandharkulkarni/Desktop/pooja_patel/codes/data_pipeline_with_airflow/venv/lib/python3.9/site-packages/airflow/example_dags/example_latest_only.py                                                               0           0
/Users/gandharkulkarni/Desktop/pooja_patel/codes/data_pipeline_with_airflow/venv/lib/python3.9/site-packages/airflow/example_dags/example_local_kubernetes_executor.py                                                 0           0
/Users/gandharkulkarni/Desktop/pooja_patel/codes/data_pipeline_with_airflow/venv/lib/python3.9/site-packages/airflow/example_dags/example_task_group_decorator.py                                                      0           0
/Users/gandharkulkarni/Desktop/pooja_patel/codes/data_pipeline_with_airflow/venv/lib/python3.9/site-packages/airflow/example_dags/example_complex.py                                                                   0           0
/Users/gandharkulkarni/Desktop/pooja_patel/codes/data_pipeline_with_airflow/venv/lib/python3.9/site-packages/airflow/example_dags/example_python_operator.py                                                           0           0
/Users/gandharkulkarni/Desktop/pooja_patel/codes/data_pipeline_with_airflow/venv/lib/python3.9/site-packages/airflow/example_dags/tutorial_taskflow_api_virtualenv.py                                                  0           0
/Users/gandharkulkarni/Desktop/pooja_patel/codes/data_pipeline_with_airflow/venv/lib/python3.9/site-packages/airflow/example_dags/example_params_trigger_ui.py                                                         0           0
/Users/gandharkulkarni/Desktop/pooja_patel/codes/data_pipeline_with_airflow/venv/lib/python3.9/site-packages/airflow/example_dags/example_external_task_marker_dag.py                                                  0           0
/Users/gandharkulkarni/Desktop/pooja_patel/codes/data_pipeline_with_airflow/venv/lib/python3.9/site-packages/airflow/example_dags/example_bash_operator.py                                                             0           0
/Users/gandharkulkarni/Desktop/pooja_patel/codes/data_pipeline_with_airflow/venv/lib/python3.9/site-packages/airflow/example_dags/example_short_circuit_operator.py                                                    0           0
/Users/gandharkulkarni/Desktop/pooja_patel/codes/data_pipeline_with_airflow/venv/lib/python3.9/site-packages/airflow/example_dags/example_setup_teardown.py                                                            0           0
/Users/gandharkulkarni/Desktop/pooja_patel/codes/data_pipeline_with_airflow/venv/lib/python3.9/site-packages/airflow/example_dags/example_branch_operator.py                                                           0           0
/Users/gandharkulkarni/Desktop/pooja_patel/codes/data_pipeline_with_airflow/venv/lib/python3.9/site-packages/airflow/example_dags/example_branch_labels.py                                                             0           0
/Users/gandharkulkarni/Desktop/pooja_patel/codes/data_pipeline_with_airflow/venv/lib/python3.9/site-packages/airflow/example_dags/tutorial_taskflow_api.py                                                             0           0
/Users/gandharkulkarni/Desktop/pooja_patel/codes/data_pipeline_with_airflow/venv/lib/python3.9/site-packages/airflow/example_dags/example_task_group.py                                                                0           0
/Users/gandharkulkarni/Desktop/pooja_patel/codes/data_pipeline_with_airflow/venv/lib/python3.9/site-packages/airflow/example_dags/tutorial.py                                                                          0           0
/Users/gandharkulkarni/Desktop/pooja_patel/codes/data_pipeline_with_airflow/venv/lib/python3.9/site-packages/airflow/example_dags/example_sla_dag.py                                                                   0           0
/Users/gandharkulkarni/Desktop/pooja_patel/codes/data_pipeline_with_airflow/venv/lib/python3.9/site-packages/airflow/example_dags/example_passing_params_via_test_command.py                                           0           0
/Users/gandharkulkarni/Desktop/pooja_patel/codes/data_pipeline_with_airflow/venv/lib/python3.9/site-packages/airflow/example_dags/example_latest_only_with_trigger.py                                                  0           0
/Users/gandharkulkarni/Desktop/pooja_patel/codes/data_pipeline_with_airflow/venv/lib/python3.9/site-packages/airflow/example_dags/example_time_delta_sensor_async.py                                                   0           0
/Users/gandharkulkarni/Desktop/pooja_patel/codes/data_pipeline_with_airflow/venv/lib/python3.9/site-packages/airflow/example_dags/example_dag_decorator.py                                                             0           0
/Users/gandharkulkarni/Desktop/pooja_patel/codes/data_pipeline_with_airflow/venv/lib/python3.9/site-packages/airflow/example_dags/example_xcom.py                                                                      0           0
/Users/gandharkulkarni/Desktop/pooja_patel/codes/data_pipeline_with_airflow/venv/lib/python3.9/site-packages/airflow/example_dags/example_xcomargs.py                                                                  0           0
/Users/gandharkulkarni/Desktop/pooja_patel/codes/data_pipeline_with_airflow/venv/lib/python3.9/site-packages/airflow/example_dags/example_branch_operator_decorator.py                                                 0           0
/Users/gandharkulkarni/Desktop/pooja_patel/codes/data_pipeline_with_airflow/venv/lib/python3.9/site-packages/airflow/example_dags/example_branch_day_of_week_operator.py                                               0           0
/Users/gandharkulkarni/Desktop/pooja_patel/codes/data_pipeline_with_airflow/venv/lib/python3.9/site-packages/airflow/example_dags/example_skip_dag.py                                                                  0           0
/Users/gandharkulkarni/Desktop/pooja_patel/codes/data_pipeline_with_airflow/venv/lib/python3.9/site-packages/airflow/example_dags/example_short_circuit_decorator.py                                                   0           0
/Users/gandharkulkarni/Desktop/pooja_patel/codes/data_pipeline_with_airflow/venv/lib/python3.9/site-packages/airflow/example_dags/example_datasets.py                                                                  0           0
/Users/gandharkulkarni/Desktop/pooja_patel/codes/data_pipeline_with_airflow/venv/lib/python3.9/site-packages/airflow/example_dags/tutorial_dag.py                                                                      0           0
/Users/gandharkulkarni/Desktop/pooja_patel/codes/data_pipeline_with_airflow/venv/lib/python3.9/site-packages/airflow/example_dags/example_trigger_target_dag.py                                                        0           0
/Users/gandharkulkarni/Desktop/pooja_patel/codes/data_pipeline_with_airflow/venv/lib/python3.9/site-packages/airflow/example_dags/example_sensor_decorator.py                                                          0           0
/Users/gandharkulkarni/Desktop/pooja_patel/codes/data_pipeline_with_airflow/venv/lib/python3.9/site-packages/airflow/example_dags/example_kubernetes_executor.py                                                       0           0
/Users/gandharkulkarni/Desktop/pooja_patel/codes/data_pipeline_with_airflow/venv/lib/python3.9/site-packages/airflow/example_dags/example_branch_python_dop_operator_3.py                                              0           0
/Users/gandharkulkarni/Desktop/pooja_patel/codes/data_pipeline_with_airflow/venv/lib/python3.9/site-packages/airflow/example_dags/example_sensors.py                                                                   0           0
/Users/gandharkulkarni/Desktop/pooja_patel/codes/data_pipeline_with_airflow/venv/lib/python3.9/site-packages/airflow/example_dags/example_setup_teardown_taskflow.py                                                   0           0
/Users/gandharkulkarni/Desktop/pooja_patel/codes/data_pipeline_with_airflow/venv/lib/python3.9/site-packages/airflow/example_dags/example_branch_datetime_operator.py                                                  0           0
/Users/gandharkulkarni/Desktop/pooja_patel/codes/data_pipeline_with_airflow/venv/lib/python3.9/site-packages/airflow/example_dags/example_nested_branch_dag.py                                                         0           0
/Users/gandharkulkarni/Desktop/pooja_patel/codes/data_pipeline_with_airflow/venv/lib/python3.9/site-packages/airflow/example_dags/example_subdag_operator.py                                                           0           0
/Users/gandharkulkarni/Desktop/pooja_patel/codes/data_pipeline_with_airflow/venv/lib/python3.9/site-packages/airflow/example_dags/example_dynamic_task_mapping_with_no_taskflow_operators.py                           0           0
/Users/gandharkulkarni/Desktop/pooja_patel/codes/data_pipeline_with_airflow/venv/lib/python3.9/site-packages/airflow/example_dags/example_trigger_controller_dag.py                                                    0           0
/Users/gandharkulkarni/Desktop/pooja_patel/codes/data_pipeline_with_airflow/venv/lib/python3.9/site-packages/airflow/example_dags/example_params_ui_tutorial.py                                                        0           0
/Users/gandharkulkarni/Desktop/pooja_patel/codes/data_pipeline_with_airflow/venv/lib/python3.9/site-packages/airflow/example_dags/example_dynamic_task_mapping.py                                                      0           0
/Users/gandharkulkarni/Desktop/pooja_patel/codes/data_pipeline_with_airflow/venv/lib/python3.9/site-packages/airflow/example_dags/plugins/workday.py                                                                   0           0  23.13s          2023-10-25T04:03:40
/Users/gandharkulkarni/Desktop/pooja_patel/codes/data_pipeline_with_airflow/venv/lib/python3.9/site-packages/airflow/example_dags/plugins/event_listener.py                                                            0           0
/Users/gandharkulkarni/Desktop/pooja_patel/codes/data_pipeline_with_airflow/venv/lib/python3.9/site-packages/airflow/example_dags/plugins/listener_plugin.py                                                           0           0  2.24s           2023-10-25T04:03:44
/Users/gandharkulkarni/Desktop/pooja_patel/codes/data_pipeline_with_airflow/venv/lib/python3.9/site-packages/airflow/example_dags/subdags/subdag.py                                                                    0           0  1.96s           2023-10-25T04:03:16
================================================================================
[2023-10-24T21:04:16.457-0700] {manager.py:887} INFO - 
================================================================================
DAG File Processing Stats

File Path                                                                                                                                                                                     PID    Runtime      # DAGs    # Errors  Last Runtime    Last Run
--------------------------------------------------------------------------------------------------------------------------------------------------------------------------------------------  -----  ---------  --------  ----------  --------------  -------------------
/Users/gandharkulkarni/Desktop/pooja_patel/codes/data_pipeline_with_airflow/venv/lib/python3.9/site-packages/airflow/example_dags/example_latest_only.py                                                               0           0
/Users/gandharkulkarni/Desktop/pooja_patel/codes/data_pipeline_with_airflow/venv/lib/python3.9/site-packages/airflow/example_dags/example_local_kubernetes_executor.py                                                 0           0
/Users/gandharkulkarni/Desktop/pooja_patel/codes/data_pipeline_with_airflow/venv/lib/python3.9/site-packages/airflow/example_dags/example_task_group_decorator.py                                                      0           0
/Users/gandharkulkarni/Desktop/pooja_patel/codes/data_pipeline_with_airflow/venv/lib/python3.9/site-packages/airflow/example_dags/example_complex.py                                                                   0           0
/Users/gandharkulkarni/Desktop/pooja_patel/codes/data_pipeline_with_airflow/venv/lib/python3.9/site-packages/airflow/example_dags/example_python_operator.py                                                           0           0
/Users/gandharkulkarni/Desktop/pooja_patel/codes/data_pipeline_with_airflow/venv/lib/python3.9/site-packages/airflow/example_dags/tutorial_taskflow_api_virtualenv.py                                                  0           0  1.98s           2023-10-25T04:03:50
/Users/gandharkulkarni/Desktop/pooja_patel/codes/data_pipeline_with_airflow/venv/lib/python3.9/site-packages/airflow/example_dags/example_params_trigger_ui.py                                                         0           0
/Users/gandharkulkarni/Desktop/pooja_patel/codes/data_pipeline_with_airflow/venv/lib/python3.9/site-packages/airflow/example_dags/example_external_task_marker_dag.py                                                  0           0
/Users/gandharkulkarni/Desktop/pooja_patel/codes/data_pipeline_with_airflow/venv/lib/python3.9/site-packages/airflow/example_dags/example_bash_operator.py                                                             0           0
/Users/gandharkulkarni/Desktop/pooja_patel/codes/data_pipeline_with_airflow/venv/lib/python3.9/site-packages/airflow/example_dags/example_short_circuit_operator.py                                                    0           0
/Users/gandharkulkarni/Desktop/pooja_patel/codes/data_pipeline_with_airflow/venv/lib/python3.9/site-packages/airflow/example_dags/example_setup_teardown.py                                                            0           0
/Users/gandharkulkarni/Desktop/pooja_patel/codes/data_pipeline_with_airflow/venv/lib/python3.9/site-packages/airflow/example_dags/example_branch_operator.py                                                           0           0
/Users/gandharkulkarni/Desktop/pooja_patel/codes/data_pipeline_with_airflow/venv/lib/python3.9/site-packages/airflow/example_dags/example_branch_labels.py                                                             0           0
/Users/gandharkulkarni/Desktop/pooja_patel/codes/data_pipeline_with_airflow/venv/lib/python3.9/site-packages/airflow/example_dags/example_task_group.py                                                                0           0
/Users/gandharkulkarni/Desktop/pooja_patel/codes/data_pipeline_with_airflow/venv/lib/python3.9/site-packages/airflow/example_dags/example_sla_dag.py                                                                   0           0
/Users/gandharkulkarni/Desktop/pooja_patel/codes/data_pipeline_with_airflow/venv/lib/python3.9/site-packages/airflow/example_dags/example_passing_params_via_test_command.py                                           0           0
/Users/gandharkulkarni/Desktop/pooja_patel/codes/data_pipeline_with_airflow/venv/lib/python3.9/site-packages/airflow/example_dags/example_latest_only_with_trigger.py                                                  0           0
/Users/gandharkulkarni/Desktop/pooja_patel/codes/data_pipeline_with_airflow/venv/lib/python3.9/site-packages/airflow/example_dags/example_time_delta_sensor_async.py                                                   0           0
/Users/gandharkulkarni/Desktop/pooja_patel/codes/data_pipeline_with_airflow/venv/lib/python3.9/site-packages/airflow/example_dags/example_dag_decorator.py                                                             0           0
/Users/gandharkulkarni/Desktop/pooja_patel/codes/data_pipeline_with_airflow/venv/lib/python3.9/site-packages/airflow/example_dags/example_branch_operator_decorator.py                                                 0           0
/Users/gandharkulkarni/Desktop/pooja_patel/codes/data_pipeline_with_airflow/venv/lib/python3.9/site-packages/airflow/example_dags/example_branch_day_of_week_operator.py                                               0           0
/Users/gandharkulkarni/Desktop/pooja_patel/codes/data_pipeline_with_airflow/venv/lib/python3.9/site-packages/airflow/example_dags/example_skip_dag.py                                                                  0           0
/Users/gandharkulkarni/Desktop/pooja_patel/codes/data_pipeline_with_airflow/venv/lib/python3.9/site-packages/airflow/example_dags/example_short_circuit_decorator.py                                                   0           0
/Users/gandharkulkarni/Desktop/pooja_patel/codes/data_pipeline_with_airflow/venv/lib/python3.9/site-packages/airflow/example_dags/example_datasets.py                                                                  0           0
/Users/gandharkulkarni/Desktop/pooja_patel/codes/data_pipeline_with_airflow/venv/lib/python3.9/site-packages/airflow/example_dags/example_sensor_decorator.py                                                          0           0
/Users/gandharkulkarni/Desktop/pooja_patel/codes/data_pipeline_with_airflow/venv/lib/python3.9/site-packages/airflow/example_dags/example_kubernetes_executor.py                                                       0           0
/Users/gandharkulkarni/Desktop/pooja_patel/codes/data_pipeline_with_airflow/venv/lib/python3.9/site-packages/airflow/example_dags/example_branch_python_dop_operator_3.py                                              0           0
/Users/gandharkulkarni/Desktop/pooja_patel/codes/data_pipeline_with_airflow/venv/lib/python3.9/site-packages/airflow/example_dags/example_sensors.py                                                                   0           0
/Users/gandharkulkarni/Desktop/pooja_patel/codes/data_pipeline_with_airflow/venv/lib/python3.9/site-packages/airflow/example_dags/example_setup_teardown_taskflow.py                                                   0           0
/Users/gandharkulkarni/Desktop/pooja_patel/codes/data_pipeline_with_airflow/venv/lib/python3.9/site-packages/airflow/example_dags/example_branch_datetime_operator.py                                                  0           0
/Users/gandharkulkarni/Desktop/pooja_patel/codes/data_pipeline_with_airflow/venv/lib/python3.9/site-packages/airflow/example_dags/example_nested_branch_dag.py                                                         0           0
/Users/gandharkulkarni/Desktop/pooja_patel/codes/data_pipeline_with_airflow/venv/lib/python3.9/site-packages/airflow/example_dags/example_subdag_operator.py                                                           0           0
/Users/gandharkulkarni/Desktop/pooja_patel/codes/data_pipeline_with_airflow/venv/lib/python3.9/site-packages/airflow/example_dags/example_dynamic_task_mapping_with_no_taskflow_operators.py                           0           0
/Users/gandharkulkarni/Desktop/pooja_patel/codes/data_pipeline_with_airflow/venv/lib/python3.9/site-packages/airflow/example_dags/example_trigger_controller_dag.py                                                    0           0
/Users/gandharkulkarni/Desktop/pooja_patel/codes/data_pipeline_with_airflow/venv/lib/python3.9/site-packages/airflow/example_dags/example_params_ui_tutorial.py                                                        0           0
/Users/gandharkulkarni/Desktop/pooja_patel/codes/data_pipeline_with_airflow/venv/lib/python3.9/site-packages/airflow/example_dags/example_dynamic_task_mapping.py                                                      0           0
/Users/gandharkulkarni/Desktop/pooja_patel/codes/data_pipeline_with_airflow/venv/lib/python3.9/site-packages/airflow/example_dags/plugins/workday.py                                                                   0           0  23.13s          2023-10-25T04:03:40
/Users/gandharkulkarni/Desktop/pooja_patel/codes/data_pipeline_with_airflow/venv/lib/python3.9/site-packages/airflow/example_dags/plugins/event_listener.py                                                            0           0  2.60s           2023-10-25T04:03:47
/Users/gandharkulkarni/Desktop/pooja_patel/codes/data_pipeline_with_airflow/venv/lib/python3.9/site-packages/airflow/example_dags/plugins/listener_plugin.py                                                           0           0  2.24s           2023-10-25T04:03:44
/Users/gandharkulkarni/Desktop/pooja_patel/codes/data_pipeline_with_airflow/venv/lib/python3.9/site-packages/airflow/example_dags/subdags/subdag.py                                                                    0           0  1.96s           2023-10-25T04:03:16
/Users/gandharkulkarni/Desktop/pooja_patel/codes/data_pipeline_with_airflow/venv/lib/python3.9/site-packages/airflow/example_dags/tutorial_taskflow_api.py                                                             1           0  2.71s           2023-10-25T04:03:54
/Users/gandharkulkarni/Desktop/pooja_patel/codes/data_pipeline_with_airflow/venv/lib/python3.9/site-packages/airflow/example_dags/tutorial.py                                                                          1           0  5.28s           2023-10-25T04:04:04
/Users/gandharkulkarni/Desktop/pooja_patel/codes/data_pipeline_with_airflow/venv/lib/python3.9/site-packages/airflow/example_dags/example_xcom.py                                                                      1           0  3.13s           2023-10-25T04:04:12
/Users/gandharkulkarni/Desktop/pooja_patel/codes/data_pipeline_with_airflow/venv/lib/python3.9/site-packages/airflow/example_dags/tutorial_dag.py                                                                      1           0  3.62s           2023-10-25T04:03:59
/Users/gandharkulkarni/Desktop/pooja_patel/codes/data_pipeline_with_airflow/venv/lib/python3.9/site-packages/airflow/example_dags/example_trigger_target_dag.py                                                        1           0  2.93s           2023-10-25T04:04:16
/Users/gandharkulkarni/Desktop/pooja_patel/codes/data_pipeline_with_airflow/venv/lib/python3.9/site-packages/airflow/example_dags/example_xcomargs.py                                                                  2           0  2.31s           2023-10-25T04:04:08
================================================================================
[2023-10-24T21:04:50.072-0700] {manager.py:887} INFO - 
================================================================================
DAG File Processing Stats

File Path                                                                                                                                                                                     PID    Runtime      # DAGs    # Errors  Last Runtime    Last Run
--------------------------------------------------------------------------------------------------------------------------------------------------------------------------------------------  -----  ---------  --------  ----------  --------------  -------------------
/Users/gandharkulkarni/Desktop/pooja_patel/codes/data_pipeline_with_airflow/venv/lib/python3.9/site-packages/airflow/example_dags/example_latest_only.py                                                               0           0
/Users/gandharkulkarni/Desktop/pooja_patel/codes/data_pipeline_with_airflow/venv/lib/python3.9/site-packages/airflow/example_dags/example_local_kubernetes_executor.py                                                 0           0
/Users/gandharkulkarni/Desktop/pooja_patel/codes/data_pipeline_with_airflow/venv/lib/python3.9/site-packages/airflow/example_dags/example_complex.py                                                                   0           0
/Users/gandharkulkarni/Desktop/pooja_patel/codes/data_pipeline_with_airflow/venv/lib/python3.9/site-packages/airflow/example_dags/example_python_operator.py                                                           0           0
/Users/gandharkulkarni/Desktop/pooja_patel/codes/data_pipeline_with_airflow/venv/lib/python3.9/site-packages/airflow/example_dags/tutorial_taskflow_api_virtualenv.py                                                  0           0  1.98s           2023-10-25T04:03:50
/Users/gandharkulkarni/Desktop/pooja_patel/codes/data_pipeline_with_airflow/venv/lib/python3.9/site-packages/airflow/example_dags/example_params_trigger_ui.py                                                         0           0
/Users/gandharkulkarni/Desktop/pooja_patel/codes/data_pipeline_with_airflow/venv/lib/python3.9/site-packages/airflow/example_dags/example_external_task_marker_dag.py                                                  0           0
/Users/gandharkulkarni/Desktop/pooja_patel/codes/data_pipeline_with_airflow/venv/lib/python3.9/site-packages/airflow/example_dags/example_bash_operator.py                                                             0           0
/Users/gandharkulkarni/Desktop/pooja_patel/codes/data_pipeline_with_airflow/venv/lib/python3.9/site-packages/airflow/example_dags/example_setup_teardown.py                                                            0           0
/Users/gandharkulkarni/Desktop/pooja_patel/codes/data_pipeline_with_airflow/venv/lib/python3.9/site-packages/airflow/example_dags/example_branch_operator.py                                                           0           0
/Users/gandharkulkarni/Desktop/pooja_patel/codes/data_pipeline_with_airflow/venv/lib/python3.9/site-packages/airflow/example_dags/example_branch_labels.py                                                             0           0
/Users/gandharkulkarni/Desktop/pooja_patel/codes/data_pipeline_with_airflow/venv/lib/python3.9/site-packages/airflow/example_dags/example_passing_params_via_test_command.py                                           0           0
/Users/gandharkulkarni/Desktop/pooja_patel/codes/data_pipeline_with_airflow/venv/lib/python3.9/site-packages/airflow/example_dags/example_latest_only_with_trigger.py                                                  0           0
/Users/gandharkulkarni/Desktop/pooja_patel/codes/data_pipeline_with_airflow/venv/lib/python3.9/site-packages/airflow/example_dags/example_dag_decorator.py                                                             0           0
/Users/gandharkulkarni/Desktop/pooja_patel/codes/data_pipeline_with_airflow/venv/lib/python3.9/site-packages/airflow/example_dags/example_branch_operator_decorator.py                                                 0           0
/Users/gandharkulkarni/Desktop/pooja_patel/codes/data_pipeline_with_airflow/venv/lib/python3.9/site-packages/airflow/example_dags/example_branch_day_of_week_operator.py                                               0           0
/Users/gandharkulkarni/Desktop/pooja_patel/codes/data_pipeline_with_airflow/venv/lib/python3.9/site-packages/airflow/example_dags/example_short_circuit_decorator.py                                                   0           0
/Users/gandharkulkarni/Desktop/pooja_patel/codes/data_pipeline_with_airflow/venv/lib/python3.9/site-packages/airflow/example_dags/example_datasets.py                                                                  0           0
/Users/gandharkulkarni/Desktop/pooja_patel/codes/data_pipeline_with_airflow/venv/lib/python3.9/site-packages/airflow/example_dags/example_sensor_decorator.py                                                          0           0
/Users/gandharkulkarni/Desktop/pooja_patel/codes/data_pipeline_with_airflow/venv/lib/python3.9/site-packages/airflow/example_dags/example_kubernetes_executor.py                                                       0           0
/Users/gandharkulkarni/Desktop/pooja_patel/codes/data_pipeline_with_airflow/venv/lib/python3.9/site-packages/airflow/example_dags/example_branch_python_dop_operator_3.py                                              0           0
/Users/gandharkulkarni/Desktop/pooja_patel/codes/data_pipeline_with_airflow/venv/lib/python3.9/site-packages/airflow/example_dags/example_sensors.py                                                                   0           0
/Users/gandharkulkarni/Desktop/pooja_patel/codes/data_pipeline_with_airflow/venv/lib/python3.9/site-packages/airflow/example_dags/example_setup_teardown_taskflow.py                                                   0           0
/Users/gandharkulkarni/Desktop/pooja_patel/codes/data_pipeline_with_airflow/venv/lib/python3.9/site-packages/airflow/example_dags/example_branch_datetime_operator.py                                                  0           0
/Users/gandharkulkarni/Desktop/pooja_patel/codes/data_pipeline_with_airflow/venv/lib/python3.9/site-packages/airflow/example_dags/example_nested_branch_dag.py                                                         0           0
/Users/gandharkulkarni/Desktop/pooja_patel/codes/data_pipeline_with_airflow/venv/lib/python3.9/site-packages/airflow/example_dags/example_dynamic_task_mapping_with_no_taskflow_operators.py                           0           0
/Users/gandharkulkarni/Desktop/pooja_patel/codes/data_pipeline_with_airflow/venv/lib/python3.9/site-packages/airflow/example_dags/example_params_ui_tutorial.py                                                        0           0
/Users/gandharkulkarni/Desktop/pooja_patel/codes/data_pipeline_with_airflow/venv/lib/python3.9/site-packages/airflow/example_dags/example_dynamic_task_mapping.py                                                      0           0
/Users/gandharkulkarni/Desktop/pooja_patel/codes/data_pipeline_with_airflow/venv/lib/python3.9/site-packages/airflow/example_dags/plugins/workday.py                                                                   0           0  23.13s          2023-10-25T04:03:40
/Users/gandharkulkarni/Desktop/pooja_patel/codes/data_pipeline_with_airflow/venv/lib/python3.9/site-packages/airflow/example_dags/plugins/event_listener.py                                                            0           0  2.60s           2023-10-25T04:03:47
/Users/gandharkulkarni/Desktop/pooja_patel/codes/data_pipeline_with_airflow/venv/lib/python3.9/site-packages/airflow/example_dags/plugins/listener_plugin.py                                                           0           0  2.24s           2023-10-25T04:03:44
/Users/gandharkulkarni/Desktop/pooja_patel/codes/data_pipeline_with_airflow/venv/lib/python3.9/site-packages/airflow/example_dags/subdags/subdag.py                                                                    0           0  1.96s           2023-10-25T04:03:16
/Users/gandharkulkarni/Desktop/pooja_patel/codes/data_pipeline_with_airflow/venv/lib/python3.9/site-packages/airflow/example_dags/example_task_group_decorator.py                                                      1           0  5.26s           2023-10-25T04:04:30
/Users/gandharkulkarni/Desktop/pooja_patel/codes/data_pipeline_with_airflow/venv/lib/python3.9/site-packages/airflow/example_dags/example_short_circuit_operator.py                                                    1           0  3.12s           2023-10-25T04:04:50
/Users/gandharkulkarni/Desktop/pooja_patel/codes/data_pipeline_with_airflow/venv/lib/python3.9/site-packages/airflow/example_dags/tutorial_taskflow_api.py                                                             1           0  2.71s           2023-10-25T04:03:54
/Users/gandharkulkarni/Desktop/pooja_patel/codes/data_pipeline_with_airflow/venv/lib/python3.9/site-packages/airflow/example_dags/example_task_group.py                                                                1           0  3.15s           2023-10-25T04:04:34
/Users/gandharkulkarni/Desktop/pooja_patel/codes/data_pipeline_with_airflow/venv/lib/python3.9/site-packages/airflow/example_dags/tutorial.py                                                                          1           0  5.28s           2023-10-25T04:04:04
/Users/gandharkulkarni/Desktop/pooja_patel/codes/data_pipeline_with_airflow/venv/lib/python3.9/site-packages/airflow/example_dags/example_sla_dag.py                                                                   1           0  2.50s           2023-10-25T04:04:41
/Users/gandharkulkarni/Desktop/pooja_patel/codes/data_pipeline_with_airflow/venv/lib/python3.9/site-packages/airflow/example_dags/example_time_delta_sensor_async.py                                                   1           0  3.83s           2023-10-25T04:04:25
/Users/gandharkulkarni/Desktop/pooja_patel/codes/data_pipeline_with_airflow/venv/lib/python3.9/site-packages/airflow/example_dags/example_xcom.py                                                                      1           0  3.13s           2023-10-25T04:04:12
/Users/gandharkulkarni/Desktop/pooja_patel/codes/data_pipeline_with_airflow/venv/lib/python3.9/site-packages/airflow/example_dags/example_skip_dag.py                                                                  1           0  3.27s           2023-10-25T04:04:45
/Users/gandharkulkarni/Desktop/pooja_patel/codes/data_pipeline_with_airflow/venv/lib/python3.9/site-packages/airflow/example_dags/tutorial_dag.py                                                                      1           0  3.62s           2023-10-25T04:03:59
/Users/gandharkulkarni/Desktop/pooja_patel/codes/data_pipeline_with_airflow/venv/lib/python3.9/site-packages/airflow/example_dags/example_trigger_target_dag.py                                                        1           0  2.93s           2023-10-25T04:04:16
/Users/gandharkulkarni/Desktop/pooja_patel/codes/data_pipeline_with_airflow/venv/lib/python3.9/site-packages/airflow/example_dags/example_trigger_controller_dag.py                                                    1           0  2.95s           2023-10-25T04:04:20
/Users/gandharkulkarni/Desktop/pooja_patel/codes/data_pipeline_with_airflow/venv/lib/python3.9/site-packages/airflow/example_dags/example_xcomargs.py                                                                  2           0  2.31s           2023-10-25T04:04:08
/Users/gandharkulkarni/Desktop/pooja_patel/codes/data_pipeline_with_airflow/venv/lib/python3.9/site-packages/airflow/example_dags/example_subdag_operator.py                                                           3           0  2.25s           2023-10-25T04:04:38
================================================================================
[2023-10-24T21:04:56.183-0700] {manager.py:469} INFO - Exiting gracefully upon receiving signal 15
[2023-10-24T21:09:52.513-0700] {manager.py:487} INFO - Processing files using up to 1 processes at a time 
[2023-10-24T21:09:52.514-0700] {manager.py:488} INFO - Process each file at most once every 30 seconds
[2023-10-24T21:09:52.514-0700] {manager.py:489} INFO - Checking for new files in /Users/gandharkulkarni/Desktop/pooja_patel/codes/data_pipeline_with_airflow/airflow/dags every 300 seconds
[2023-10-24T21:09:52.514-0700] {manager.py:755} INFO - Searching for files in /Users/gandharkulkarni/Desktop/pooja_patel/codes/data_pipeline_with_airflow/airflow/dags
[2023-10-24T21:09:52.552-0700] {manager.py:758} INFO - There are 47 files in /Users/gandharkulkarni/Desktop/pooja_patel/codes/data_pipeline_with_airflow/airflow/dags
[2023-10-24T21:10:22.044-0700] {manager.py:887} INFO - 
================================================================================
DAG File Processing Stats

File Path                                                                                                                                                                                     PID    Runtime      # DAGs    # Errors  Last Runtime    Last Run
--------------------------------------------------------------------------------------------------------------------------------------------------------------------------------------------  -----  ---------  --------  ----------  --------------  -------------------
/Users/gandharkulkarni/Desktop/pooja_patel/codes/data_pipeline_with_airflow/venv/lib/python3.9/site-packages/airflow/example_dags/example_latest_only.py                                                               0           0
/Users/gandharkulkarni/Desktop/pooja_patel/codes/data_pipeline_with_airflow/venv/lib/python3.9/site-packages/airflow/example_dags/example_local_kubernetes_executor.py                                                 0           0
/Users/gandharkulkarni/Desktop/pooja_patel/codes/data_pipeline_with_airflow/venv/lib/python3.9/site-packages/airflow/example_dags/example_task_group_decorator.py                                                      0           0
/Users/gandharkulkarni/Desktop/pooja_patel/codes/data_pipeline_with_airflow/venv/lib/python3.9/site-packages/airflow/example_dags/example_complex.py                                                                   0           0
/Users/gandharkulkarni/Desktop/pooja_patel/codes/data_pipeline_with_airflow/venv/lib/python3.9/site-packages/airflow/example_dags/example_python_operator.py                                                           0           0
/Users/gandharkulkarni/Desktop/pooja_patel/codes/data_pipeline_with_airflow/venv/lib/python3.9/site-packages/airflow/example_dags/tutorial_taskflow_api_virtualenv.py                                                  0           0  2.14s           2023-10-25T04:10:14
/Users/gandharkulkarni/Desktop/pooja_patel/codes/data_pipeline_with_airflow/venv/lib/python3.9/site-packages/airflow/example_dags/example_params_trigger_ui.py                                                         0           0
/Users/gandharkulkarni/Desktop/pooja_patel/codes/data_pipeline_with_airflow/venv/lib/python3.9/site-packages/airflow/example_dags/example_external_task_marker_dag.py                                                  0           0
/Users/gandharkulkarni/Desktop/pooja_patel/codes/data_pipeline_with_airflow/venv/lib/python3.9/site-packages/airflow/example_dags/example_bash_operator.py                                                             0           0
/Users/gandharkulkarni/Desktop/pooja_patel/codes/data_pipeline_with_airflow/venv/lib/python3.9/site-packages/airflow/example_dags/example_short_circuit_operator.py                                                    0           0
/Users/gandharkulkarni/Desktop/pooja_patel/codes/data_pipeline_with_airflow/venv/lib/python3.9/site-packages/airflow/example_dags/example_setup_teardown.py                                                            0           0
/Users/gandharkulkarni/Desktop/pooja_patel/codes/data_pipeline_with_airflow/venv/lib/python3.9/site-packages/airflow/example_dags/example_branch_operator.py                                                           0           0
/Users/gandharkulkarni/Desktop/pooja_patel/codes/data_pipeline_with_airflow/venv/lib/python3.9/site-packages/airflow/example_dags/example_branch_labels.py                                                             0           0
/Users/gandharkulkarni/Desktop/pooja_patel/codes/data_pipeline_with_airflow/venv/lib/python3.9/site-packages/airflow/example_dags/example_task_group.py                                                                0           0
/Users/gandharkulkarni/Desktop/pooja_patel/codes/data_pipeline_with_airflow/venv/lib/python3.9/site-packages/airflow/example_dags/tutorial.py                                                                          0           0
/Users/gandharkulkarni/Desktop/pooja_patel/codes/data_pipeline_with_airflow/venv/lib/python3.9/site-packages/airflow/example_dags/example_sla_dag.py                                                                   0           0
/Users/gandharkulkarni/Desktop/pooja_patel/codes/data_pipeline_with_airflow/venv/lib/python3.9/site-packages/airflow/example_dags/example_passing_params_via_test_command.py                                           0           0
/Users/gandharkulkarni/Desktop/pooja_patel/codes/data_pipeline_with_airflow/venv/lib/python3.9/site-packages/airflow/example_dags/example_latest_only_with_trigger.py                                                  0           0
/Users/gandharkulkarni/Desktop/pooja_patel/codes/data_pipeline_with_airflow/venv/lib/python3.9/site-packages/airflow/example_dags/example_time_delta_sensor_async.py                                                   0           0
/Users/gandharkulkarni/Desktop/pooja_patel/codes/data_pipeline_with_airflow/venv/lib/python3.9/site-packages/airflow/example_dags/example_dag_decorator.py                                                             0           0
/Users/gandharkulkarni/Desktop/pooja_patel/codes/data_pipeline_with_airflow/venv/lib/python3.9/site-packages/airflow/example_dags/example_xcom.py                                                                      0           0
/Users/gandharkulkarni/Desktop/pooja_patel/codes/data_pipeline_with_airflow/venv/lib/python3.9/site-packages/airflow/example_dags/example_xcomargs.py                                                                  0           0
/Users/gandharkulkarni/Desktop/pooja_patel/codes/data_pipeline_with_airflow/venv/lib/python3.9/site-packages/airflow/example_dags/example_branch_operator_decorator.py                                                 0           0
/Users/gandharkulkarni/Desktop/pooja_patel/codes/data_pipeline_with_airflow/venv/lib/python3.9/site-packages/airflow/example_dags/example_branch_day_of_week_operator.py                                               0           0
/Users/gandharkulkarni/Desktop/pooja_patel/codes/data_pipeline_with_airflow/venv/lib/python3.9/site-packages/airflow/example_dags/example_skip_dag.py                                                                  0           0
/Users/gandharkulkarni/Desktop/pooja_patel/codes/data_pipeline_with_airflow/venv/lib/python3.9/site-packages/airflow/example_dags/example_short_circuit_decorator.py                                                   0           0
/Users/gandharkulkarni/Desktop/pooja_patel/codes/data_pipeline_with_airflow/venv/lib/python3.9/site-packages/airflow/example_dags/example_datasets.py                                                                  0           0
/Users/gandharkulkarni/Desktop/pooja_patel/codes/data_pipeline_with_airflow/venv/lib/python3.9/site-packages/airflow/example_dags/example_trigger_target_dag.py                                                        0           0
/Users/gandharkulkarni/Desktop/pooja_patel/codes/data_pipeline_with_airflow/venv/lib/python3.9/site-packages/airflow/example_dags/example_sensor_decorator.py                                                          0           0
/Users/gandharkulkarni/Desktop/pooja_patel/codes/data_pipeline_with_airflow/venv/lib/python3.9/site-packages/airflow/example_dags/example_kubernetes_executor.py                                                       0           0
/Users/gandharkulkarni/Desktop/pooja_patel/codes/data_pipeline_with_airflow/venv/lib/python3.9/site-packages/airflow/example_dags/example_branch_python_dop_operator_3.py                                              0           0
/Users/gandharkulkarni/Desktop/pooja_patel/codes/data_pipeline_with_airflow/venv/lib/python3.9/site-packages/airflow/example_dags/example_sensors.py                                                                   0           0
/Users/gandharkulkarni/Desktop/pooja_patel/codes/data_pipeline_with_airflow/venv/lib/python3.9/site-packages/airflow/example_dags/example_setup_teardown_taskflow.py                                                   0           0
/Users/gandharkulkarni/Desktop/pooja_patel/codes/data_pipeline_with_airflow/venv/lib/python3.9/site-packages/airflow/example_dags/example_branch_datetime_operator.py                                                  0           0
/Users/gandharkulkarni/Desktop/pooja_patel/codes/data_pipeline_with_airflow/venv/lib/python3.9/site-packages/airflow/example_dags/example_nested_branch_dag.py                                                         0           0
/Users/gandharkulkarni/Desktop/pooja_patel/codes/data_pipeline_with_airflow/venv/lib/python3.9/site-packages/airflow/example_dags/example_subdag_operator.py                                                           0           0
/Users/gandharkulkarni/Desktop/pooja_patel/codes/data_pipeline_with_airflow/venv/lib/python3.9/site-packages/airflow/example_dags/example_dynamic_task_mapping_with_no_taskflow_operators.py                           0           0
/Users/gandharkulkarni/Desktop/pooja_patel/codes/data_pipeline_with_airflow/venv/lib/python3.9/site-packages/airflow/example_dags/example_trigger_controller_dag.py                                                    0           0
/Users/gandharkulkarni/Desktop/pooja_patel/codes/data_pipeline_with_airflow/venv/lib/python3.9/site-packages/airflow/example_dags/example_params_ui_tutorial.py                                                        0           0
/Users/gandharkulkarni/Desktop/pooja_patel/codes/data_pipeline_with_airflow/venv/lib/python3.9/site-packages/airflow/example_dags/example_dynamic_task_mapping.py                                                      0           0
/Users/gandharkulkarni/Desktop/pooja_patel/codes/data_pipeline_with_airflow/venv/lib/python3.9/site-packages/airflow/example_dags/plugins/workday.py                                                                   0           0  2.17s           2023-10-25T04:10:04
/Users/gandharkulkarni/Desktop/pooja_patel/codes/data_pipeline_with_airflow/venv/lib/python3.9/site-packages/airflow/example_dags/plugins/event_listener.py                                                            0           0  3.10s           2023-10-25T04:10:11
/Users/gandharkulkarni/Desktop/pooja_patel/codes/data_pipeline_with_airflow/venv/lib/python3.9/site-packages/airflow/example_dags/plugins/listener_plugin.py                                                           0           0  1.65s           2023-10-25T04:10:07
/Users/gandharkulkarni/Desktop/pooja_patel/codes/data_pipeline_with_airflow/venv/lib/python3.9/site-packages/airflow/example_dags/subdags/subdag.py                                                                    0           0  2.21s           2023-10-25T04:10:01
/Users/gandharkulkarni/Desktop/pooja_patel/codes/data_pipeline_with_airflow/airflow/dags/fire_ca_dag.py                                                                                                                1           0  5.60s           2023-10-25T04:09:58
/Users/gandharkulkarni/Desktop/pooja_patel/codes/data_pipeline_with_airflow/venv/lib/python3.9/site-packages/airflow/example_dags/tutorial_taskflow_api.py                                                             1           0  2.48s           2023-10-25T04:10:18
/Users/gandharkulkarni/Desktop/pooja_patel/codes/data_pipeline_with_airflow/venv/lib/python3.9/site-packages/airflow/example_dags/tutorial_dag.py                                                                      1           0  2.83s           2023-10-25T04:10:22
================================================================================
[2023-10-24T21:18:13.930-0700] {manager.py:469} INFO - Exiting gracefully upon receiving signal 15
