[2023-10-24T21:04:07.172-0700] {processor.py:157} INFO - Started process (PID=11022) to work on /Users/gandharkulkarni/Desktop/pooja_patel/codes/data_pipeline_with_airflow/venv/lib/python3.9/site-packages/airflow/example_dags/example_xcomargs.py
[2023-10-24T21:04:07.178-0700] {processor.py:829} INFO - Processing file /Users/gandharkulkarni/Desktop/pooja_patel/codes/data_pipeline_with_airflow/venv/lib/python3.9/site-packages/airflow/example_dags/example_xcomargs.py for tasks to queue
[2023-10-24T21:04:07.178-0700] {logging_mixin.py:151} INFO - [2023-10-24T21:04:07.178-0700] {dagbag.py:536} INFO - Filling up the DagBag from /Users/gandharkulkarni/Desktop/pooja_patel/codes/data_pipeline_with_airflow/venv/lib/python3.9/site-packages/airflow/example_dags/example_xcomargs.py
[2023-10-24T21:04:07.253-0700] {processor.py:839} INFO - DAG(s) dict_keys(['example_xcom_args_with_operators', 'example_xcom_args']) retrieved from /Users/gandharkulkarni/Desktop/pooja_patel/codes/data_pipeline_with_airflow/venv/lib/python3.9/site-packages/airflow/example_dags/example_xcomargs.py
[2023-10-24T21:04:07.908-0700] {logging_mixin.py:151} INFO - [2023-10-24T21:04:07.907-0700] {manager.py:499} INFO - Created Permission View: %s
[2023-10-24T21:04:07.918-0700] {logging_mixin.py:151} INFO - [2023-10-24T21:04:07.918-0700] {manager.py:499} INFO - Created Permission View: %s
[2023-10-24T21:04:07.924-0700] {logging_mixin.py:151} INFO - [2023-10-24T21:04:07.924-0700] {manager.py:499} INFO - Created Permission View: %s
[2023-10-24T21:04:07.938-0700] {logging_mixin.py:151} INFO - [2023-10-24T21:04:07.938-0700] {manager.py:499} INFO - Created Permission View: %s
[2023-10-24T21:04:07.953-0700] {logging_mixin.py:151} INFO - [2023-10-24T21:04:07.953-0700] {manager.py:499} INFO - Created Permission View: %s
[2023-10-24T21:04:07.964-0700] {logging_mixin.py:151} INFO - [2023-10-24T21:04:07.964-0700] {manager.py:499} INFO - Created Permission View: %s
[2023-10-24T21:04:07.965-0700] {logging_mixin.py:151} INFO - [2023-10-24T21:04:07.964-0700] {dag.py:2941} INFO - Sync 2 DAGs
[2023-10-24T21:04:07.980-0700] {logging_mixin.py:151} INFO - [2023-10-24T21:04:07.980-0700] {dag.py:2963} INFO - Creating ORM DAG for example_xcom_args
[2023-10-24T21:04:07.981-0700] {logging_mixin.py:151} INFO - [2023-10-24T21:04:07.981-0700] {dag.py:2963} INFO - Creating ORM DAG for example_xcom_args_with_operators
[2023-10-24T21:04:07.981-0700] {logging_mixin.py:151} INFO - [2023-10-24T21:04:07.981-0700] {dag.py:3722} INFO - Setting next_dagrun for example_xcom_args to None, run_after=None
[2023-10-24T21:04:07.982-0700] {logging_mixin.py:151} INFO - [2023-10-24T21:04:07.982-0700] {dag.py:3722} INFO - Setting next_dagrun for example_xcom_args_with_operators to None, run_after=None
[2023-10-24T21:04:08.002-0700] {processor.py:179} INFO - Processing /Users/gandharkulkarni/Desktop/pooja_patel/codes/data_pipeline_with_airflow/venv/lib/python3.9/site-packages/airflow/example_dags/example_xcomargs.py took 0.831 seconds
[2023-10-24T21:10:27.901-0700] {processor.py:157} INFO - Started process (PID=11238) to work on /Users/gandharkulkarni/Desktop/pooja_patel/codes/data_pipeline_with_airflow/venv/lib/python3.9/site-packages/airflow/example_dags/example_xcomargs.py
[2023-10-24T21:10:27.908-0700] {processor.py:829} INFO - Processing file /Users/gandharkulkarni/Desktop/pooja_patel/codes/data_pipeline_with_airflow/venv/lib/python3.9/site-packages/airflow/example_dags/example_xcomargs.py for tasks to queue
[2023-10-24T21:10:27.908-0700] {logging_mixin.py:151} INFO - [2023-10-24T21:10:27.908-0700] {dagbag.py:536} INFO - Filling up the DagBag from /Users/gandharkulkarni/Desktop/pooja_patel/codes/data_pipeline_with_airflow/venv/lib/python3.9/site-packages/airflow/example_dags/example_xcomargs.py
[2023-10-24T21:10:28.009-0700] {processor.py:839} INFO - DAG(s) dict_keys(['example_xcom_args', 'example_xcom_args_with_operators']) retrieved from /Users/gandharkulkarni/Desktop/pooja_patel/codes/data_pipeline_with_airflow/venv/lib/python3.9/site-packages/airflow/example_dags/example_xcomargs.py
[2023-10-24T21:10:29.205-0700] {logging_mixin.py:151} INFO - [2023-10-24T21:10:29.204-0700] {dag.py:2941} INFO - Sync 2 DAGs
[2023-10-24T21:10:29.271-0700] {logging_mixin.py:151} INFO - [2023-10-24T21:10:29.271-0700] {dag.py:3722} INFO - Setting next_dagrun for example_xcom_args to None, run_after=None
[2023-10-24T21:10:29.277-0700] {logging_mixin.py:151} INFO - [2023-10-24T21:10:29.275-0700] {dag.py:3722} INFO - Setting next_dagrun for example_xcom_args_with_operators to None, run_after=None
[2023-10-24T21:10:29.330-0700] {processor.py:179} INFO - Processing /Users/gandharkulkarni/Desktop/pooja_patel/codes/data_pipeline_with_airflow/venv/lib/python3.9/site-packages/airflow/example_dags/example_xcomargs.py took 1.429 seconds
